c:\users\lfrha\desktop\my document\2017 spring\introduction of ai\homework\final project\perceptron\digit\digit\debug\vc141.pdb
c:\users\lfrha\desktop\my document\2017 spring\introduction of ai\homework\final project\perceptron\digit\digit\debug\vc141.idb
c:\users\lfrha\desktop\my document\2017 spring\introduction of ai\homework\final project\perceptron\digit\digit\debug\image_process.obj
c:\users\lfrha\desktop\my document\2017 spring\introduction of ai\homework\final project\perceptron\digit\digit\debug\main.obj
c:\users\lfrha\desktop\my document\2017 spring\introduction of ai\homework\final project\mira\digit\digit\debug\vc141.pdb
c:\users\lfrha\desktop\my document\2017 spring\introduction of ai\homework\final project\mira\digit\digit\debug\vc141.idb
c:\users\lfrha\desktop\my document\2017 spring\introduction of ai\homework\final project\mira\digit\digit\debug\image_process.obj
c:\users\lfrha\desktop\my document\2017 spring\introduction of ai\homework\final project\mira\digit\digit\debug\main.obj
c:\users\lfrha\desktop\my document\2017 spring\introduction of ai\homework\final project\perceptron\digit\debug\digit.ilk
c:\users\lfrha\desktop\my document\2017 spring\introduction of ai\homework\final project\perceptron\digit\debug\digit.exe
c:\users\lfrha\desktop\my document\2017 spring\introduction of ai\homework\final project\perceptron\digit\debug\digit.pdb
c:\users\lfrha\desktop\my document\2017 spring\introduction of ai\homework\final project\mira\digit\debug\digit.ilk
c:\users\lfrha\desktop\my document\2017 spring\introduction of ai\homework\final project\mira\digit\debug\digit.exe
c:\users\lfrha\desktop\my document\2017 spring\introduction of ai\homework\final project\mira\digit\debug\digit.pdb
c:\users\lfrha\desktop\my document\2017 spring\introduction of ai\homework\final project\mira\digit\digit\debug\digit.tlog\cl.command.1.tlog
c:\users\lfrha\desktop\my document\2017 spring\introduction of ai\homework\final project\mira\digit\digit\debug\digit.tlog\cl.read.1.tlog
c:\users\lfrha\desktop\my document\2017 spring\introduction of ai\homework\final project\mira\digit\digit\debug\digit.tlog\cl.write.1.tlog
c:\users\lfrha\desktop\my document\2017 spring\introduction of ai\homework\final project\mira\digit\digit\debug\digit.tlog\link.command.1.tlog
c:\users\lfrha\desktop\my document\2017 spring\introduction of ai\homework\final project\mira\digit\digit\debug\digit.tlog\link.read.1.tlog
c:\users\lfrha\desktop\my document\2017 spring\introduction of ai\homework\final project\mira\digit\digit\debug\digit.tlog\link.write.1.tlog
